# JRE version: OpenJDK Runtime Environment Temurin-21.0.8+9 (21.0.8+9) (build 21.0.8+9-LTS)
# Java VM: OpenJDK 64-Bit Server VM Temurin-21.0.8+9 (21.0.8+9-LTS, mixed mode, sharing, tiered, compressed oops, compressed class ptrs, parallel gc, windows-amd64)
GC Precious Log:
 CardTable entry size: 512
 CPUs: 16 total, 16 available
 Memory: 32029M
 Large Page Support: Disabled
 NUMA Support: Disabled
 Compressed Oops: Enabled (32-bit)
 Alignments: Space 512K, Generation 512K, Heap 2M
 Heap Min Capacity: 100M
 Heap Initial Capacity: 100M
 Heap Max Capacity: 2G
 Pre-touch: Disabled
 Parallel Workers: 13
Heap:
 PSYoungGen      total 12288K, used 8067K [0x00000000d5580000, 0x00000000d6280000, 0x0000000100000000)
  eden space 11264K, 66% used [0x00000000d5580000,0x00000000d5cd6b68,0x00000000d6080000)
  from space 1024K, 53% used [0x00000000d6080000,0x00000000d610a388,0x00000000d6180000)
  to   space 1024K, 0% used [0x00000000d6180000,0x00000000d6180000,0x00000000d6280000)
 ParOldGen       total 1199104K, used 243909K [0x0000000080000000, 0x00000000c9300000, 0x00000000d5580000)
  object space 1199104K, 20% used [0x0000000080000000,0x000000008ee317f0,0x00000000c9300000)
 Metaspace       used 92979K, committed 95872K, reserved 1179648K
  class space    used 9272K, committed 10304K, reserved 1048576K
GC Heap History (20 events):
Event: 6286.246 GC heap before
{Heap before GC invocations=1941 (full 6):
 PSYoungGen      total 11776K, used 11760K [0x00000000d5580000, 0x00000000d6300000, 0x0000000100000000)
  eden space 11264K, 100% used [0x00000000d5580000,0x00000000d6080000,0x00000000d6080000)
  from space 512K, 96% used [0x00000000d6280000,0x00000000d62fc010,0x00000000d6300000)
  to   space 1024K, 0% used [0x00000000d6100000,0x00000000d6100000,0x00000000d6200000)
 ParOldGen       total 1199104K, used 239247K [0x0000000080000000, 0x00000000c9300000, 0x00000000d5580000)
  object space 1199104K, 19% used [0x0000000080000000,0x000000008e9a3c10,0x00000000c9300000)
 Metaspace       used 92758K, committed 95808K, reserved 1179648K
  class space    used 9262K, committed 10304K, reserved 1048576K
}
Event: 6286.249 GC heap after
{Heap after GC invocations=1941 (full 6):
 PSYoungGen      total 12288K, used 512K [0x00000000d5580000, 0x00000000d6300000, 0x0000000100000000)
  eden space 11264K, 0% used [0x00000000d5580000,0x00000000d5580000,0x00000000d6080000)
  from space 1024K, 50% used [0x00000000d6100000,0x00000000d6180000,0x00000000d6200000)
  to   space 1024K, 0% used [0x00000000d6200000,0x00000000d6200000,0x00000000d6300000)
 ParOldGen       total 1199104K, used 239559K [0x0000000080000000, 0x00000000c9300000, 0x00000000d5580000)
  object space 1199104K, 19% used [0x0000000080000000,0x000000008e9f1c40,0x00000000c9300000)
 Metaspace       used 92758K, committed 95808K, reserved 1179648K
  class space    used 9262K, committed 10304K, reserved 1048576K
}
Event: 6286.266 GC heap before
{Heap before GC invocations=1942 (full 6):
 PSYoungGen      total 12288K, used 11776K [0x00000000d5580000, 0x00000000d6300000, 0x0000000100000000)
  eden space 11264K, 100% used [0x00000000d5580000,0x00000000d6080000,0x00000000d6080000)
  from space 1024K, 50% used [0x00000000d6100000,0x00000000d6180000,0x00000000d6200000)
  to   space 1024K, 0% used [0x00000000d6200000,0x00000000d6200000,0x00000000d6300000)
 ParOldGen       total 1199104K, used 239559K [0x0000000080000000, 0x00000000c9300000, 0x00000000d5580000)
  object space 1199104K, 19% used [0x0000000080000000,0x000000008e9f1c40,0x00000000c9300000)
 Metaspace       used 92792K, committed 95808K, reserved 1179648K
  class space    used 9262K, committed 10304K, reserved 1048576K
}
Event: 6286.269 GC heap after
{Heap after GC invocations=1942 (full 6):
 PSYoungGen      total 12288K, used 576K [0x00000000d5580000, 0x00000000d6300000, 0x0000000100000000)
  eden space 11264K, 0% used [0x00000000d5580000,0x00000000d5580000,0x00000000d6080000)
  from space 1024K, 56% used [0x00000000d6200000,0x00000000d6290000,0x00000000d6300000)
  to   space 1024K, 0% used [0x00000000d6100000,0x00000000d6100000,0x00000000d6200000)
 ParOldGen       total 1199104K, used 239911K [0x0000000080000000, 0x00000000c9300000, 0x00000000d5580000)
  object space 1199104K, 20% used [0x0000000080000000,0x000000008ea49c40,0x00000000c9300000)
 Metaspace       used 92792K, committed 95808K, reserved 1179648K
  class space    used 9262K, committed 10304K, reserved 1048576K
}
Event: 6286.284 GC heap before
{Heap before GC invocations=1943 (full 6):
 PSYoungGen      total 12288K, used 11840K [0x00000000d5580000, 0x00000000d6300000, 0x0000000100000000)
  eden space 11264K, 100% used [0x00000000d5580000,0x00000000d6080000,0x00000000d6080000)
  from space 1024K, 56% used [0x00000000d6200000,0x00000000d6290000,0x00000000d6300000)
  to   space 1024K, 0% used [0x00000000d6100000,0x00000000d6100000,0x00000000d6200000)
 ParOldGen       total 1199104K, used 239911K [0x0000000080000000, 0x00000000c9300000, 0x00000000d5580000)
  object space 1199104K, 20% used [0x0000000080000000,0x000000008ea49c40,0x00000000c9300000)
 Metaspace       used 92795K, committed 95808K, reserved 1179648K
  class space    used 9262K, committed 10304K, reserved 1048576K
}
Event: 6286.288 GC heap after
{Heap after GC invocations=1943 (full 6):
 PSYoungGen      total 12288K, used 576K [0x00000000d5580000, 0x00000000d6280000, 0x0000000100000000)
  eden space 11264K, 0% used [0x00000000d5580000,0x00000000d5580000,0x00000000d6080000)
  from space 1024K, 56% used [0x00000000d6100000,0x00000000d6190000,0x00000000d6200000)
  to   space 512K, 0% used [0x00000000d6200000,0x00000000d6200000,0x00000000d6280000)
 ParOldGen       total 1199104K, used 240319K [0x0000000080000000, 0x00000000c9300000, 0x00000000d5580000)
  object space 1199104K, 20% used [0x0000000080000000,0x000000008eaafc40,0x00000000c9300000)
 Metaspace       used 92795K, committed 95808K, reserved 1179648K
  class space    used 9262K, committed 10304K, reserved 1048576K
}
Event: 6286.303 GC heap before
{Heap before GC invocations=1944 (full 6):
 PSYoungGen      total 12288K, used 11840K [0x00000000d5580000, 0x00000000d6280000, 0x0000000100000000)
  eden space 11264K, 100% used [0x00000000d5580000,0x00000000d6080000,0x00000000d6080000)
  from space 1024K, 56% used [0x00000000d6100000,0x00000000d6190000,0x00000000d6200000)
  to   space 512K, 0% used [0x00000000d6200000,0x00000000d6200000,0x00000000d6280000)
 ParOldGen       total 1199104K, used 240319K [0x0000000080000000, 0x00000000c9300000, 0x00000000d5580000)
  object space 1199104K, 20% used [0x0000000080000000,0x000000008eaafc40,0x00000000c9300000)
 Metaspace       used 92803K, committed 95808K, reserved 1179648K
  class space    used 9262K, committed 10304K, reserved 1048576K
}
Event: 6286.306 GC heap after
{Heap after GC invocations=1944 (full 6):
 PSYoungGen      total 11776K, used 512K [0x00000000d5580000, 0x00000000d6280000, 0x0000000100000000)
  eden space 11264K, 0% used [0x00000000d5580000,0x00000000d5580000,0x00000000d6080000)
  from space 512K, 100% used [0x00000000d6200000,0x00000000d6280000,0x00000000d6280000)
  to   space 1024K, 0% used [0x00000000d6080000,0x00000000d6080000,0x00000000d6180000)
 ParOldGen       total 1199104K, used 240623K [0x0000000080000000, 0x00000000c9300000, 0x00000000d5580000)
  object space 1199104K, 20% used [0x0000000080000000,0x000000008eafbc40,0x00000000c9300000)
 Metaspace       used 92803K, committed 95808K, reserved 1179648K
  class space    used 9262K, committed 10304K, reserved 1048576K
}
Event: 6286.358 GC heap before
{Heap before GC invocations=1945 (full 6):
 PSYoungGen      total 11776K, used 11776K [0x00000000d5580000, 0x00000000d6280000, 0x0000000100000000)
  eden space 11264K, 100% used [0x00000000d5580000,0x00000000d6080000,0x00000000d6080000)
  from space 512K, 100% used [0x00000000d6200000,0x00000000d6280000,0x00000000d6280000)
  to   space 1024K, 0% used [0x00000000d6080000,0x00000000d6080000,0x00000000d6180000)
 ParOldGen       total 1199104K, used 240623K [0x0000000080000000, 0x00000000c9300000, 0x00000000d5580000)
  object space 1199104K, 20% used [0x0000000080000000,0x000000008eafbc40,0x00000000c9300000)
 Metaspace       used 92837K, committed 95808K, reserved 1179648K
  class space    used 9263K, committed 10304K, reserved 1048576K
}
Event: 6286.366 GC heap after
{Heap after GC invocations=1945 (full 6):
 PSYoungGen      total 12288K, used 787K [0x00000000d5580000, 0x00000000d6280000, 0x0000000100000000)
  eden space 11264K, 0% used [0x00000000d5580000,0x00000000d5580000,0x00000000d6080000)
  from space 1024K, 76% used [0x00000000d6080000,0x00000000d6144da0,0x00000000d6180000)
  to   space 1024K, 0% used [0x00000000d6180000,0x00000000d6180000,0x00000000d6280000)
 ParOldGen       total 1199104K, used 241663K [0x0000000080000000, 0x00000000c9300000, 0x00000000d5580000)
  object space 1199104K, 20% used [0x0000000080000000,0x000000008ebffd48,0x00000000c9300000)
 Metaspace       used 92837K, committed 95808K, reserved 1179648K
  class space    used 9263K, committed 10304K, reserved 1048576K
}
Event: 6286.389 GC heap before
{Heap before GC invocations=1946 (full 6):
 PSYoungGen      total 12288K, used 12051K [0x00000000d5580000, 0x00000000d6280000, 0x0000000100000000)
  eden space 11264K, 100% used [0x00000000d5580000,0x00000000d6080000,0x00000000d6080000)
  from space 1024K, 76% used [0x00000000d6080000,0x00000000d6144da0,0x00000000d6180000)
  to   space 1024K, 0% used [0x00000000d6180000,0x00000000d6180000,0x00000000d6280000)
 ParOldGen       total 1199104K, used 241663K [0x0000000080000000, 0x00000000c9300000, 0x00000000d5580000)
  object space 1199104K, 20% used [0x0000000080000000,0x000000008ebffd48,0x00000000c9300000)
 Metaspace       used 92846K, committed 95808K, reserved 1179648K
  class space    used 9263K, committed 10304K, reserved 1048576K
}
Event: 6286.392 GC heap after
{Heap after GC invocations=1946 (full 6):
 PSYoungGen      total 12288K, used 544K [0x00000000d5580000, 0x00000000d6280000, 0x0000000100000000)
  eden space 11264K, 0% used [0x00000000d5580000,0x00000000d5580000,0x00000000d6080000)
  from space 1024K, 53% used [0x00000000d6180000,0x00000000d6208000,0x00000000d6280000)
  to   space 1024K, 0% used [0x00000000d6080000,0x00000000d6080000,0x00000000d6180000)
 ParOldGen       total 1199104K, used 242294K [0x0000000080000000, 0x00000000c9300000, 0x00000000d5580000)
  object space 1199104K, 20% used [0x0000000080000000,0x000000008ec9da48,0x00000000c9300000)
 Metaspace       used 92846K, committed 95808K, reserved 1179648K
  class space    used 9263K, committed 10304K, reserved 1048576K
}
Event: 6286.408 GC heap before
{Heap before GC invocations=1947 (full 6):
 PSYoungGen      total 12288K, used 11808K [0x00000000d5580000, 0x00000000d6280000, 0x0000000100000000)
  eden space 11264K, 100% used [0x00000000d5580000,0x00000000d6080000,0x00000000d6080000)
  from space 1024K, 53% used [0x00000000d6180000,0x00000000d6208000,0x00000000d6280000)
  to   space 1024K, 0% used [0x00000000d6080000,0x00000000d6080000,0x00000000d6180000)
 ParOldGen       total 1199104K, used 242294K [0x0000000080000000, 0x00000000c9300000, 0x00000000d5580000)
  object space 1199104K, 20% used [0x0000000080000000,0x000000008ec9da48,0x00000000c9300000)
 Metaspace       used 92864K, committed 95808K, reserved 1179648K
  class space    used 9266K, committed 10304K, reserved 1048576K
}
Event: 6286.410 GC heap after
{Heap after GC invocations=1947 (full 6):
 PSYoungGen      total 12288K, used 496K [0x00000000d5580000, 0x00000000d6280000, 0x0000000100000000)
  eden space 11264K, 0% used [0x00000000d5580000,0x00000000d5580000,0x00000000d6080000)
  from space 1024K, 48% used [0x00000000d6080000,0x00000000d60fc010,0x00000000d6180000)
  to   space 1024K, 0% used [0x00000000d6180000,0x00000000d6180000,0x00000000d6280000)
 ParOldGen       total 1199104K, used 242571K [0x0000000080000000, 0x00000000c9300000, 0x00000000d5580000)
  object space 1199104K, 20% used [0x0000000080000000,0x000000008ece2d38,0x00000000c9300000)
 Metaspace       used 92864K, committed 95808K, reserved 1179648K
  class space    used 9266K, committed 10304K, reserved 1048576K
}
Event: 6286.428 GC heap before
{Heap before GC invocations=1948 (full 6):
 PSYoungGen      total 12288K, used 11760K [0x00000000d5580000, 0x00000000d6280000, 0x0000000100000000)
  eden space 11264K, 100% used [0x00000000d5580000,0x00000000d6080000,0x00000000d6080000)
  from space 1024K, 48% used [0x00000000d6080000,0x00000000d60fc010,0x00000000d6180000)
  to   space 1024K, 0% used [0x00000000d6180000,0x00000000d6180000,0x00000000d6280000)
 ParOldGen       total 1199104K, used 242571K [0x0000000080000000, 0x00000000c9300000, 0x00000000d5580000)
  object space 1199104K, 20% used [0x0000000080000000,0x000000008ece2d38,0x00000000c9300000)
 Metaspace       used 92867K, committed 95808K, reserved 1179648K
  class space    used 9266K, committed 10304K, reserved 1048576K
}
Event: 6286.430 GC heap after
{Heap after GC invocations=1948 (full 6):
 PSYoungGen      total 12288K, used 512K [0x00000000d5580000, 0x00000000d6280000, 0x0000000100000000)
  eden space 11264K, 0% used [0x00000000d5580000,0x00000000d5580000,0x00000000d6080000)
  from space 1024K, 50% used [0x00000000d6180000,0x00000000d6200000,0x00000000d6280000)
  to   space 1024K, 0% used [0x00000000d6080000,0x00000000d6080000,0x00000000d6180000)
 ParOldGen       total 1199104K, used 242691K [0x0000000080000000, 0x00000000c9300000, 0x00000000d5580000)
  object space 1199104K, 20% used [0x0000000080000000,0x000000008ed00d38,0x00000000c9300000)
 Metaspace       used 92867K, committed 95808K, reserved 1179648K
  class space    used 9266K, committed 10304K, reserved 1048576K
}
Event: 6286.452 GC heap before
{Heap before GC invocations=1949 (full 6):
 PSYoungGen      total 12288K, used 11776K [0x00000000d5580000, 0x00000000d6280000, 0x0000000100000000)
  eden space 11264K, 100% used [0x00000000d5580000,0x00000000d6080000,0x00000000d6080000)
  from space 1024K, 50% used [0x00000000d6180000,0x00000000d6200000,0x00000000d6280000)
  to   space 1024K, 0% used [0x00000000d6080000,0x00000000d6080000,0x00000000d6180000)
 ParOldGen       total 1199104K, used 242691K [0x0000000080000000, 0x00000000c9300000, 0x00000000d5580000)
  object space 1199104K, 20% used [0x0000000080000000,0x000000008ed00d38,0x00000000c9300000)
 Metaspace       used 92888K, committed 95808K, reserved 1179648K
  class space    used 9266K, committed 10304K, reserved 1048576K
}
Event: 6286.454 GC heap after
{Heap after GC invocations=1949 (full 6):
 PSYoungGen      total 12288K, used 512K [0x00000000d5580000, 0x00000000d6280000, 0x0000000100000000)
  eden space 11264K, 0% used [0x00000000d5580000,0x00000000d5580000,0x00000000d6080000)
  from space 1024K, 50% used [0x00000000d6080000,0x00000000d6100000,0x00000000d6180000)
  to   space 1024K, 0% used [0x00000000d6180000,0x00000000d6180000,0x00000000d6280000)
 ParOldGen       total 1199104K, used 243011K [0x0000000080000000, 0x00000000c9300000, 0x00000000d5580000)
  object space 1199104K, 20% used [0x0000000080000000,0x000000008ed50d38,0x00000000c9300000)
 Metaspace       used 92888K, committed 95808K, reserved 1179648K
  class space    used 9266K, committed 10304K, reserved 1048576K
}
Event: 6286.468 GC heap before
{Heap before GC invocations=1950 (full 6):
 PSYoungGen      total 12288K, used 11776K [0x00000000d5580000, 0x00000000d6280000, 0x0000000100000000)
  eden space 11264K, 100% used [0x00000000d5580000,0x00000000d6080000,0x00000000d6080000)
  from space 1024K, 50% used [0x00000000d6080000,0x00000000d6100000,0x00000000d6180000)
  to   space 1024K, 0% used [0x00000000d6180000,0x00000000d6180000,0x00000000d6280000)
 ParOldGen       total 1199104K, used 243011K [0x0000000080000000, 0x00000000c9300000, 0x00000000d5580000)
  object space 1199104K, 20% used [0x0000000080000000,0x000000008ed50d38,0x00000000c9300000)
 Metaspace       used 92897K, committed 95808K, reserved 1179648K
  class space    used 9266K, committed 10304K, reserved 1048576K
}
Event: 6286.470 GC heap after
{Heap after GC invocations=1950 (full 6):
 PSYoungGen      total 11776K, used 448K [0x00000000d5580000, 0x00000000d6200000, 0x0000000100000000)
  eden space 11264K, 0% used [0x00000000d5580000,0x00000000d5580000,0x00000000d6080000)
  from space 512K, 87% used [0x00000000d6180000,0x00000000d61f0000,0x00000000d6200000)
  to   space 512K, 0% used [0x00000000d6100000,0x00000000d6100000,0x00000000d6180000)
 ParOldGen       total 1199104K, used 243187K [0x0000000080000000, 0x00000000c9300000, 0x00000000d5580000)
  object space 1199104K, 20% used [0x0000000080000000,0x000000008ed7cd38,0x00000000c9300000)
 Metaspace       used 92897K, committed 95808K, reserved 1179648K
  class space    used 9266K, committed 10304K, reserved 1048576K
}

